<?xml version="1.0" encoding="UTF-8"?>
<!-- Generated by org.testng.reporters.JUnitReportReporter -->
<testsuite hostname="DESKTOP-UE09AFJ" failures="0" tests="3" name="TestRunner.CucmberTestRunner" time="22.323" errors="0" timestamp="2024-12-15T16:51:30 IST" skipped="0">
  <testcase classname="TestRunner.CucmberTestRunner" name="runScenario" time="6.521"/>
  <testcase classname="TestRunner.CucmberTestRunner" name="runScenario" time="8.998"/>
  <testcase classname="TestRunner.CucmberTestRunner" name="runScenario" time="6.804"/>
</testsuite> <!-- TestRunner.CucmberTestRunner -->
