<?xml version="1.0" encoding="UTF-8"?>
<!-- Generated by org.testng.reporters.JUnitReportReporter -->
<testsuite hostname="DESKTOP-UE09AFJ" failures="0" tests="3" name="TestRunner.CucmberTestRunner" time="23.117" errors="0" timestamp="2024-12-17T12:38:01 IST" skipped="0">
  <testcase classname="TestRunner.CucmberTestRunner" name="runScenario" time="6.746"/>
  <testcase classname="TestRunner.CucmberTestRunner" name="runScenario" time="9.435"/>
  <testcase classname="TestRunner.CucmberTestRunner" name="runScenario" time="6.936"/>
</testsuite> <!-- TestRunner.CucmberTestRunner -->
